2021-02-15 14:45:14,292 INFO org.hibernate.validator.internal.util.Version [background-preinit] HV000001: Hibernate Validator 6.1.7.Final
2021-02-15 14:45:14,305 INFO org.springframework.boot.StartupInfoLogger [main] Starting HrsTaskApplication using Java 1.8.0_281 on DESKTOP-1TQUMUM with PID 25124 (D:\Desktop\HRS\hrs-task\target\classes started by Pranav Pagote in D:\Desktop\HRS\hrs-task)
2021-02-15 14:45:14,306 INFO org.springframework.boot.SpringApplication [main] No active profile set, falling back to default profiles: default
2021-02-15 14:45:16,348 INFO org.springframework.data.repository.config.RepositoryConfigurationDelegate [main] Bootstrapping Spring Data JPA repositories in DEFAULT mode.
2021-02-15 14:45:16,429 INFO org.springframework.data.repository.config.RepositoryConfigurationDelegate [main] Finished Spring Data repository scanning in 66 ms. Found 1 JPA repository interfaces.
2021-02-15 14:45:18,080 INFO org.springframework.boot.web.embedded.tomcat.TomcatWebServer [main] Tomcat initialized with port(s): 8080 (http)
2021-02-15 14:45:18,099 INFO org.apache.juli.logging.DirectJDKLog [main] Initializing ProtocolHandler ["http-nio-8080"]
2021-02-15 14:45:18,100 INFO org.apache.juli.logging.DirectJDKLog [main] Starting service [Tomcat]
2021-02-15 14:45:18,101 INFO org.apache.juli.logging.DirectJDKLog [main] Starting Servlet engine: [Apache Tomcat/9.0.41]
2021-02-15 14:45:18,352 INFO org.apache.juli.logging.DirectJDKLog [main] Initializing Spring embedded WebApplicationContext
2021-02-15 14:45:18,353 INFO org.springframework.boot.web.servlet.context.ServletWebServerApplicationContext [main] Root WebApplicationContext: initialization completed in 3950 ms
2021-02-15 14:45:18,470 INFO com.zaxxer.hikari.HikariDataSource [main] HikariPool-1 - Starting...
2021-02-15 14:45:18,831 INFO com.zaxxer.hikari.HikariDataSource [main] HikariPool-1 - Start completed.
2021-02-15 14:45:18,845 INFO org.springframework.boot.autoconfigure.h2.H2ConsoleAutoConfiguration [main] H2 console available at '/h2-console'. Database available at 'jdbc:h2:mem:testdb'
2021-02-15 14:45:19,127 INFO org.hibernate.jpa.internal.util.LogHelper [main] HHH000204: Processing PersistenceUnitInfo [name: default]
2021-02-15 14:45:19,244 INFO org.hibernate.Version [main] HHH000412: Hibernate ORM core version 5.4.27.Final
2021-02-15 14:45:19,593 INFO org.hibernate.annotations.common.reflection.java.JavaReflectionManager [main] HCANN000001: Hibernate Commons Annotations {5.1.2.Final}
2021-02-15 14:45:19,879 INFO org.hibernate.dialect.Dialect [main] HHH000400: Using dialect: org.hibernate.dialect.H2Dialect
2021-02-15 14:45:20,908 INFO org.hibernate.engine.transaction.jta.platform.internal.JtaPlatformInitiator [main] HHH000490: Using JtaPlatform implementation: [org.hibernate.engine.transaction.jta.platform.internal.NoJtaPlatform]
2021-02-15 14:45:20,918 INFO org.springframework.orm.jpa.AbstractEntityManagerFactoryBean [main] Initialized JPA EntityManagerFactory for persistence unit 'default'
2021-02-15 14:45:23,244 WARN org.springframework.boot.autoconfigure.orm.jpa.JpaBaseConfiguration$JpaWebConfiguration [main] spring.jpa.open-in-view is enabled by default. Therefore, database queries may be performed during view rendering. Explicitly configure spring.jpa.open-in-view to disable this warning
2021-02-15 14:45:23,862 INFO org.springframework.scheduling.concurrent.ExecutorConfigurationSupport [main] Initializing ExecutorService 'applicationTaskExecutor'
2021-02-15 14:45:24,231 INFO org.apache.juli.logging.DirectJDKLog [main] Starting ProtocolHandler ["http-nio-8080"]
2021-02-15 14:45:24,276 INFO org.springframework.boot.web.embedded.tomcat.TomcatWebServer [main] Tomcat started on port(s): 8080 (http) with context path ''
2021-02-15 14:45:24,823 INFO org.springframework.boot.StartupInfoLogger [main] Started HrsTaskApplication in 11.906 seconds (JVM running for 12.606)
2021-02-15 14:47:22,860 WARN com.zaxxer.hikari.pool.HikariPool$HouseKeeper [HikariPool-1 housekeeper] HikariPool-1 - Thread starvation or clock leap detected (housekeeper delta=2m33s373ms852µs400ns).
2021-02-15 14:48:37,512 INFO org.apache.juli.logging.DirectJDKLog [http-nio-8080-exec-2] Initializing Spring DispatcherServlet 'dispatcherServlet'
2021-02-15 14:48:37,513 INFO org.springframework.web.servlet.FrameworkServlet [http-nio-8080-exec-2] Initializing Servlet 'dispatcherServlet'
2021-02-15 14:48:37,515 INFO org.springframework.web.servlet.FrameworkServlet [http-nio-8080-exec-2] Completed initialization in 2 ms
2021-02-15 14:49:06,856 WARN org.hibernate.engine.jdbc.spi.SqlExceptionHelper [http-nio-8080-exec-3] SQL Error: 23502, SQLState: 23502
2021-02-15 14:49:06,857 ERROR org.hibernate.engine.jdbc.spi.SqlExceptionHelper [http-nio-8080-exec-3] NULL not allowed for column "EMAIL_ADDRESS"; SQL statement:
insert into userdetails (id, checkin_time, checkout_time, email_address, first_name, has_checkout, last_name, parcel_count) values (null, ?, ?, ?, ?, ?, ?, ?) [23502-200]
2021-02-15 14:56:41,291 INFO org.hibernate.validator.internal.util.Version [background-preinit] HV000001: Hibernate Validator 6.1.7.Final
2021-02-15 14:56:41,309 INFO org.springframework.boot.StartupInfoLogger [main] Starting HrsTaskApplication using Java 1.8.0_281 on DESKTOP-1TQUMUM with PID 8340 (D:\Desktop\HRS\hrs-task\target\classes started by Pranav Pagote in D:\Desktop\HRS\hrs-task)
2021-02-15 14:56:41,310 INFO org.springframework.boot.SpringApplication [main] No active profile set, falling back to default profiles: default
2021-02-15 14:56:42,555 INFO org.springframework.data.repository.config.RepositoryConfigurationDelegate [main] Bootstrapping Spring Data JPA repositories in DEFAULT mode.
2021-02-15 14:56:42,629 INFO org.springframework.data.repository.config.RepositoryConfigurationDelegate [main] Finished Spring Data repository scanning in 65 ms. Found 1 JPA repository interfaces.
2021-02-15 14:56:43,492 INFO org.springframework.boot.web.embedded.tomcat.TomcatWebServer [main] Tomcat initialized with port(s): 8080 (http)
2021-02-15 14:56:43,503 INFO org.apache.juli.logging.DirectJDKLog [main] Initializing ProtocolHandler ["http-nio-8080"]
2021-02-15 14:56:43,504 INFO org.apache.juli.logging.DirectJDKLog [main] Starting service [Tomcat]
2021-02-15 14:56:43,504 INFO org.apache.juli.logging.DirectJDKLog [main] Starting Servlet engine: [Apache Tomcat/9.0.41]
2021-02-15 14:56:43,618 INFO org.apache.juli.logging.DirectJDKLog [main] Initializing Spring embedded WebApplicationContext
2021-02-15 14:56:43,618 INFO org.springframework.boot.web.servlet.context.ServletWebServerApplicationContext [main] Root WebApplicationContext: initialization completed in 2233 ms
2021-02-15 14:56:43,679 INFO com.zaxxer.hikari.HikariDataSource [main] HikariPool-1 - Starting...
2021-02-15 14:56:43,927 INFO com.zaxxer.hikari.HikariDataSource [main] HikariPool-1 - Start completed.
2021-02-15 14:56:43,936 INFO org.springframework.boot.autoconfigure.h2.H2ConsoleAutoConfiguration [main] H2 console available at '/h2-console'. Database available at 'jdbc:h2:mem:testdb'
2021-02-15 14:56:44,127 INFO org.hibernate.jpa.internal.util.LogHelper [main] HHH000204: Processing PersistenceUnitInfo [name: default]
2021-02-15 14:56:44,203 INFO org.hibernate.Version [main] HHH000412: Hibernate ORM core version 5.4.27.Final
2021-02-15 14:56:44,362 INFO org.hibernate.annotations.common.reflection.java.JavaReflectionManager [main] HCANN000001: Hibernate Commons Annotations {5.1.2.Final}
2021-02-15 14:56:44,499 INFO org.hibernate.dialect.Dialect [main] HHH000400: Using dialect: org.hibernate.dialect.H2Dialect
2021-02-15 14:56:45,135 INFO org.hibernate.engine.transaction.jta.platform.internal.JtaPlatformInitiator [main] HHH000490: Using JtaPlatform implementation: [org.hibernate.engine.transaction.jta.platform.internal.NoJtaPlatform]
2021-02-15 14:56:45,142 INFO org.springframework.orm.jpa.AbstractEntityManagerFactoryBean [main] Initialized JPA EntityManagerFactory for persistence unit 'default'
2021-02-15 14:56:45,917 WARN org.springframework.boot.autoconfigure.orm.jpa.JpaBaseConfiguration$JpaWebConfiguration [main] spring.jpa.open-in-view is enabled by default. Therefore, database queries may be performed during view rendering. Explicitly configure spring.jpa.open-in-view to disable this warning
2021-02-15 14:56:46,237 INFO org.springframework.scheduling.concurrent.ExecutorConfigurationSupport [main] Initializing ExecutorService 'applicationTaskExecutor'
2021-02-15 14:56:46,467 INFO org.apache.juli.logging.DirectJDKLog [main] Starting ProtocolHandler ["http-nio-8080"]
2021-02-15 14:56:46,501 INFO org.springframework.boot.web.embedded.tomcat.TomcatWebServer [main] Tomcat started on port(s): 8080 (http) with context path ''
2021-02-15 14:56:46,883 INFO org.springframework.boot.StartupInfoLogger [main] Started HrsTaskApplication in 6.175 seconds (JVM running for 6.836)
2021-02-15 14:57:04,546 INFO org.apache.juli.logging.DirectJDKLog [http-nio-8080-exec-2] Initializing Spring DispatcherServlet 'dispatcherServlet'
2021-02-15 14:57:04,547 INFO org.springframework.web.servlet.FrameworkServlet [http-nio-8080-exec-2] Initializing Servlet 'dispatcherServlet'
2021-02-15 14:57:04,551 INFO org.springframework.web.servlet.FrameworkServlet [http-nio-8080-exec-2] Completed initialization in 4 ms
2021-02-15 14:58:35,316 INFO org.hibernate.validator.internal.util.Version [background-preinit] HV000001: Hibernate Validator 6.1.7.Final
2021-02-15 14:58:35,320 INFO org.springframework.boot.StartupInfoLogger [main] Starting UserControllerTest using Java 1.8.0_281 on DESKTOP-1TQUMUM with PID 23040 (started by Pranav Pagote in D:\Desktop\HRS\hrs-task)
2021-02-15 14:58:35,326 INFO org.springframework.boot.SpringApplication [main] No active profile set, falling back to default profiles: default
2021-02-15 14:58:37,796 INFO org.springframework.scheduling.concurrent.ExecutorConfigurationSupport [main] Initializing ExecutorService 'applicationTaskExecutor'
2021-02-15 14:58:38,268 INFO org.springframework.mock.web.MockServletContext [main] Initializing Spring TestDispatcherServlet ''
2021-02-15 14:58:38,269 INFO org.springframework.web.servlet.FrameworkServlet [main] Initializing Servlet ''
2021-02-15 14:58:38,272 INFO org.springframework.web.servlet.FrameworkServlet [main] Completed initialization in 2 ms
2021-02-15 14:58:38,324 INFO org.springframework.boot.StartupInfoLogger [main] Started UserControllerTest in 3.81 seconds (JVM running for 5.761)
2021-02-15 14:58:39,415 INFO org.springframework.test.context.support.AbstractTestContextBootstrapper [main] Neither @ContextConfiguration nor @ContextHierarchy found for test class [com.uk.hrstask.HrsTaskApplicationTests], using SpringBootContextLoader
2021-02-15 14:58:39,415 INFO org.springframework.test.context.support.AbstractContextLoader [main] Could not detect default resource locations for test class [com.uk.hrstask.HrsTaskApplicationTests]: no resource found for suffixes {-context.xml, Context.groovy}.
2021-02-15 14:58:39,415 INFO org.springframework.test.context.support.AnnotationConfigContextLoaderUtils [main] Could not detect default configuration classes for test class [com.uk.hrstask.HrsTaskApplicationTests]: HrsTaskApplicationTests does not declare any static, non-private, non-final, nested classes annotated with @Configuration.
2021-02-15 14:58:39,422 INFO org.springframework.boot.test.context.SpringBootTestContextBootstrapper [main] Found @SpringBootConfiguration com.uk.hrstask.HrsTaskApplication for test class com.uk.hrstask.HrsTaskApplicationTests
2021-02-15 14:58:39,443 INFO org.springframework.test.context.support.AbstractTestContextBootstrapper [main] Loaded default TestExecutionListener class names from location [META-INF/spring.factories]: [org.springframework.boot.test.mock.mockito.MockitoTestExecutionListener, org.springframework.boot.test.mock.mockito.ResetMocksTestExecutionListener, org.springframework.boot.test.autoconfigure.restdocs.RestDocsTestExecutionListener, org.springframework.boot.test.autoconfigure.web.client.MockRestServiceServerResetTestExecutionListener, org.springframework.boot.test.autoconfigure.web.servlet.MockMvcPrintOnlyOnFailureTestExecutionListener, org.springframework.boot.test.autoconfigure.web.servlet.WebDriverTestExecutionListener, org.springframework.boot.test.autoconfigure.webservices.client.MockWebServiceServerTestExecutionListener, org.springframework.test.context.web.ServletTestExecutionListener, org.springframework.test.context.support.DirtiesContextBeforeModesTestExecutionListener, org.springframework.test.context.event.ApplicationEventsTestExecutionListener, org.springframework.test.context.support.DependencyInjectionTestExecutionListener, org.springframework.test.context.support.DirtiesContextTestExecutionListener, org.springframework.test.context.transaction.TransactionalTestExecutionListener, org.springframework.test.context.jdbc.SqlScriptsTestExecutionListener, org.springframework.test.context.event.EventPublishingTestExecutionListener]
2021-02-15 14:58:39,445 INFO org.springframework.test.context.support.AbstractTestContextBootstrapper [main] Using TestExecutionListeners: [org.springframework.test.context.web.ServletTestExecutionListener@1d48359a, org.springframework.test.context.support.DirtiesContextBeforeModesTestExecutionListener@494b20a4, org.springframework.test.context.event.ApplicationEventsTestExecutionListener@584c289b, org.springframework.boot.test.mock.mockito.MockitoTestExecutionListener@76f51ce2, org.springframework.boot.test.autoconfigure.SpringBootDependencyInjectionTestExecutionListener@2a4d1343, org.springframework.test.context.support.DirtiesContextTestExecutionListener@3a9358ae, org.springframework.test.context.transaction.TransactionalTestExecutionListener@3a2b797, org.springframework.test.context.jdbc.SqlScriptsTestExecutionListener@5d6eb90d, org.springframework.test.context.event.EventPublishingTestExecutionListener@1ffb6ee8, org.springframework.boot.test.mock.mockito.ResetMocksTestExecutionListener@3f8d1391, org.springframework.boot.test.autoconfigure.restdocs.RestDocsTestExecutionListener@290505f8, org.springframework.boot.test.autoconfigure.web.client.MockRestServiceServerResetTestExecutionListener@18b6704, org.springframework.boot.test.autoconfigure.web.servlet.MockMvcPrintOnlyOnFailureTestExecutionListener@45c3d5f3, org.springframework.boot.test.autoconfigure.web.servlet.WebDriverTestExecutionListener@12855741, org.springframework.boot.test.autoconfigure.webservices.client.MockWebServiceServerTestExecutionListener@132eba2c]
2021-02-15 14:58:39,498 INFO org.springframework.boot.StartupInfoLogger [main] Starting HrsTaskApplicationTests using Java 1.8.0_281 on DESKTOP-1TQUMUM with PID 23040 (started by Pranav Pagote in D:\Desktop\HRS\hrs-task)
2021-02-15 14:58:39,501 INFO org.springframework.boot.SpringApplication [main] No active profile set, falling back to default profiles: default
2021-02-15 14:58:40,691 INFO org.springframework.data.repository.config.RepositoryConfigurationDelegate [main] Bootstrapping Spring Data JPA repositories in DEFAULT mode.
2021-02-15 14:58:40,786 INFO org.springframework.data.repository.config.RepositoryConfigurationDelegate [main] Finished Spring Data repository scanning in 80 ms. Found 1 JPA repository interfaces.
2021-02-15 14:58:41,552 INFO com.zaxxer.hikari.HikariDataSource [main] HikariPool-1 - Starting...
2021-02-15 14:58:42,136 INFO com.zaxxer.hikari.HikariDataSource [main] HikariPool-1 - Start completed.
2021-02-15 14:58:42,239 INFO org.hibernate.jpa.internal.util.LogHelper [main] HHH000204: Processing PersistenceUnitInfo [name: default]
2021-02-15 14:58:42,337 INFO org.hibernate.Version [main] HHH000412: Hibernate ORM core version 5.4.27.Final
2021-02-15 14:58:42,407 INFO org.hibernate.annotations.common.reflection.java.JavaReflectionManager [main] HCANN000001: Hibernate Commons Annotations {5.1.2.Final}
2021-02-15 14:58:42,826 INFO org.hibernate.dialect.Dialect [main] HHH000400: Using dialect: org.hibernate.dialect.H2Dialect
2021-02-15 14:58:43,514 INFO org.hibernate.engine.transaction.jta.platform.internal.JtaPlatformInitiator [main] HHH000490: Using JtaPlatform implementation: [org.hibernate.engine.transaction.jta.platform.internal.NoJtaPlatform]
2021-02-15 14:58:43,529 INFO org.springframework.orm.jpa.AbstractEntityManagerFactoryBean [main] Initialized JPA EntityManagerFactory for persistence unit 'default'
2021-02-15 14:58:44,832 WARN org.springframework.boot.autoconfigure.orm.jpa.JpaBaseConfiguration$JpaWebConfiguration [main] spring.jpa.open-in-view is enabled by default. Therefore, database queries may be performed during view rendering. Explicitly configure spring.jpa.open-in-view to disable this warning
2021-02-15 14:58:44,944 INFO org.springframework.boot.autoconfigure.h2.H2ConsoleAutoConfiguration [main] H2 console available at '/h2-console'. Database available at 'jdbc:h2:mem:testdb'
2021-02-15 14:58:45,651 INFO org.springframework.scheduling.concurrent.ExecutorConfigurationSupport [main] Initializing ExecutorService 'applicationTaskExecutor'
2021-02-15 14:58:46,630 INFO org.springframework.boot.StartupInfoLogger [main] Started HrsTaskApplicationTests in 7.18 seconds (JVM running for 14.067)
2021-02-15 14:58:46,967 INFO org.springframework.scheduling.concurrent.ExecutorConfigurationSupport [SpringContextShutdownHook] Shutting down ExecutorService 'applicationTaskExecutor'
2021-02-15 14:58:46,969 INFO org.springframework.scheduling.concurrent.ExecutorConfigurationSupport [SpringContextShutdownHook] Shutting down ExecutorService 'applicationTaskExecutor'
2021-02-15 14:58:46,976 INFO org.springframework.orm.jpa.AbstractEntityManagerFactoryBean [SpringContextShutdownHook] Closing JPA EntityManagerFactory for persistence unit 'default'
2021-02-15 14:58:47,420 INFO org.hibernate.tool.schema.internal.SchemaDropperImpl$DelayedDropActionImpl [SpringContextShutdownHook] HHH000477: Starting delayed evictData of schema as part of SessionFactory shut-down'
2021-02-15 14:58:47,430 INFO com.zaxxer.hikari.HikariDataSource [SpringContextShutdownHook] HikariPool-1 - Shutdown initiated...
2021-02-15 14:58:47,436 INFO com.zaxxer.hikari.HikariDataSource [SpringContextShutdownHook] HikariPool-1 - Shutdown completed.
2021-02-15 15:00:04,688 INFO org.hibernate.validator.internal.util.Version [background-preinit] HV000001: Hibernate Validator 6.1.7.Final
2021-02-15 15:00:04,690 INFO org.springframework.boot.StartupInfoLogger [main] Starting UserControllerTest using Java 1.8.0_281 on DESKTOP-1TQUMUM with PID 14880 (started by Pranav Pagote in D:\Desktop\HRS\hrs-task)
2021-02-15 15:00:04,692 INFO org.springframework.boot.SpringApplication [main] No active profile set, falling back to default profiles: default
2021-02-15 15:00:06,130 INFO org.springframework.scheduling.concurrent.ExecutorConfigurationSupport [main] Initializing ExecutorService 'applicationTaskExecutor'
2021-02-15 15:00:06,402 INFO org.springframework.mock.web.MockServletContext [main] Initializing Spring TestDispatcherServlet ''
2021-02-15 15:00:06,402 INFO org.springframework.web.servlet.FrameworkServlet [main] Initializing Servlet ''
2021-02-15 15:00:06,404 INFO org.springframework.web.servlet.FrameworkServlet [main] Completed initialization in 1 ms
2021-02-15 15:00:06,435 INFO org.springframework.boot.StartupInfoLogger [main] Started UserControllerTest in 2.199 seconds (JVM running for 3.475)
2021-02-15 15:00:06,823 INFO org.springframework.scheduling.concurrent.ExecutorConfigurationSupport [SpringContextShutdownHook] Shutting down ExecutorService 'applicationTaskExecutor'
2021-02-15 15:00:23,618 INFO org.hibernate.validator.internal.util.Version [background-preinit] HV000001: Hibernate Validator 6.1.7.Final
2021-02-15 15:00:23,621 INFO org.springframework.boot.StartupInfoLogger [main] Starting UserControllerTest using Java 1.8.0_281 on DESKTOP-1TQUMUM with PID 3348 (started by Pranav Pagote in D:\Desktop\HRS\hrs-task)
2021-02-15 15:00:23,623 INFO org.springframework.boot.SpringApplication [main] No active profile set, falling back to default profiles: default
2021-02-15 15:00:25,050 INFO org.springframework.scheduling.concurrent.ExecutorConfigurationSupport [main] Initializing ExecutorService 'applicationTaskExecutor'
2021-02-15 15:00:25,327 INFO org.springframework.mock.web.MockServletContext [main] Initializing Spring TestDispatcherServlet ''
2021-02-15 15:00:25,328 INFO org.springframework.web.servlet.FrameworkServlet [main] Initializing Servlet ''
2021-02-15 15:00:25,329 INFO org.springframework.web.servlet.FrameworkServlet [main] Completed initialization in 1 ms
2021-02-15 15:00:25,361 INFO org.springframework.boot.StartupInfoLogger [main] Started UserControllerTest in 2.194 seconds (JVM running for 3.42)
2021-02-15 15:00:25,539 INFO org.springframework.scheduling.concurrent.ExecutorConfigurationSupport [SpringContextShutdownHook] Shutting down ExecutorService 'applicationTaskExecutor'
2021-02-15 15:01:13,835 INFO org.hibernate.validator.internal.util.Version [background-preinit] HV000001: Hibernate Validator 6.1.7.Final
2021-02-15 15:01:13,845 INFO org.springframework.boot.StartupInfoLogger [main] Starting UserControllerTest using Java 1.8.0_281 on DESKTOP-1TQUMUM with PID 11324 (started by Pranav Pagote in D:\Desktop\HRS\hrs-task)
2021-02-15 15:01:13,847 INFO org.springframework.boot.SpringApplication [main] No active profile set, falling back to default profiles: default
2021-02-15 15:01:15,345 INFO org.springframework.scheduling.concurrent.ExecutorConfigurationSupport [main] Initializing ExecutorService 'applicationTaskExecutor'
2021-02-15 15:01:15,623 INFO org.springframework.mock.web.MockServletContext [main] Initializing Spring TestDispatcherServlet ''
2021-02-15 15:01:15,624 INFO org.springframework.web.servlet.FrameworkServlet [main] Initializing Servlet ''
2021-02-15 15:01:15,626 INFO org.springframework.web.servlet.FrameworkServlet [main] Completed initialization in 2 ms
2021-02-15 15:01:15,654 INFO org.springframework.boot.StartupInfoLogger [main] Started UserControllerTest in 2.277 seconds (JVM running for 3.522)
2021-02-15 15:01:16,026 INFO org.springframework.scheduling.concurrent.ExecutorConfigurationSupport [SpringContextShutdownHook] Shutting down ExecutorService 'applicationTaskExecutor'
2021-02-15 15:02:12,555 INFO org.hibernate.validator.internal.util.Version [background-preinit] HV000001: Hibernate Validator 6.1.7.Final
2021-02-15 15:02:12,572 INFO org.springframework.boot.StartupInfoLogger [main] Starting UserControllerTest using Java 1.8.0_281 on DESKTOP-1TQUMUM with PID 21948 (started by Pranav Pagote in D:\Desktop\HRS\hrs-task)
2021-02-15 15:02:12,575 INFO org.springframework.boot.SpringApplication [main] No active profile set, falling back to default profiles: default
2021-02-15 15:02:14,645 INFO org.springframework.scheduling.concurrent.ExecutorConfigurationSupport [main] Initializing ExecutorService 'applicationTaskExecutor'
2021-02-15 15:02:14,986 INFO org.springframework.mock.web.MockServletContext [main] Initializing Spring TestDispatcherServlet ''
2021-02-15 15:02:14,987 INFO org.springframework.web.servlet.FrameworkServlet [main] Initializing Servlet ''
2021-02-15 15:02:14,989 INFO org.springframework.web.servlet.FrameworkServlet [main] Completed initialization in 2 ms
2021-02-15 15:02:15,026 INFO org.springframework.boot.StartupInfoLogger [main] Started UserControllerTest in 3.204 seconds (JVM running for 5.067)
2021-02-15 15:02:15,739 INFO org.springframework.test.context.support.AbstractTestContextBootstrapper [main] Neither @ContextConfiguration nor @ContextHierarchy found for test class [com.uk.hrstask.HrsTaskApplicationTests], using SpringBootContextLoader
2021-02-15 15:02:15,741 INFO org.springframework.test.context.support.AbstractContextLoader [main] Could not detect default resource locations for test class [com.uk.hrstask.HrsTaskApplicationTests]: no resource found for suffixes {-context.xml, Context.groovy}.
2021-02-15 15:02:15,741 INFO org.springframework.test.context.support.AnnotationConfigContextLoaderUtils [main] Could not detect default configuration classes for test class [com.uk.hrstask.HrsTaskApplicationTests]: HrsTaskApplicationTests does not declare any static, non-private, non-final, nested classes annotated with @Configuration.
2021-02-15 15:02:15,748 INFO org.springframework.boot.test.context.SpringBootTestContextBootstrapper [main] Found @SpringBootConfiguration com.uk.hrstask.HrsTaskApplication for test class com.uk.hrstask.HrsTaskApplicationTests
2021-02-15 15:02:15,771 INFO org.springframework.test.context.support.AbstractTestContextBootstrapper [main] Loaded default TestExecutionListener class names from location [META-INF/spring.factories]: [org.springframework.boot.test.mock.mockito.MockitoTestExecutionListener, org.springframework.boot.test.mock.mockito.ResetMocksTestExecutionListener, org.springframework.boot.test.autoconfigure.restdocs.RestDocsTestExecutionListener, org.springframework.boot.test.autoconfigure.web.client.MockRestServiceServerResetTestExecutionListener, org.springframework.boot.test.autoconfigure.web.servlet.MockMvcPrintOnlyOnFailureTestExecutionListener, org.springframework.boot.test.autoconfigure.web.servlet.WebDriverTestExecutionListener, org.springframework.boot.test.autoconfigure.webservices.client.MockWebServiceServerTestExecutionListener, org.springframework.test.context.web.ServletTestExecutionListener, org.springframework.test.context.support.DirtiesContextBeforeModesTestExecutionListener, org.springframework.test.context.event.ApplicationEventsTestExecutionListener, org.springframework.test.context.support.DependencyInjectionTestExecutionListener, org.springframework.test.context.support.DirtiesContextTestExecutionListener, org.springframework.test.context.transaction.TransactionalTestExecutionListener, org.springframework.test.context.jdbc.SqlScriptsTestExecutionListener, org.springframework.test.context.event.EventPublishingTestExecutionListener]
2021-02-15 15:02:15,773 INFO org.springframework.test.context.support.AbstractTestContextBootstrapper [main] Using TestExecutionListeners: [org.springframework.test.context.web.ServletTestExecutionListener@73ce275a, org.springframework.test.context.support.DirtiesContextBeforeModesTestExecutionListener@51af9a89, org.springframework.test.context.event.ApplicationEventsTestExecutionListener@3abe0067, org.springframework.boot.test.mock.mockito.MockitoTestExecutionListener@3cd0df14, org.springframework.boot.test.autoconfigure.SpringBootDependencyInjectionTestExecutionListener@3ea6cb23, org.springframework.test.context.support.DirtiesContextTestExecutionListener@13f065ac, org.springframework.test.context.transaction.TransactionalTestExecutionListener@5987e28d, org.springframework.test.context.jdbc.SqlScriptsTestExecutionListener@6395aed6, org.springframework.test.context.event.EventPublishingTestExecutionListener@6b629e54, org.springframework.boot.test.mock.mockito.ResetMocksTestExecutionListener@7b2f5b91, org.springframework.boot.test.autoconfigure.restdocs.RestDocsTestExecutionListener@1d5a4df3, org.springframework.boot.test.autoconfigure.web.client.MockRestServiceServerResetTestExecutionListener@53f7a390, org.springframework.boot.test.autoconfigure.web.servlet.MockMvcPrintOnlyOnFailureTestExecutionListener@2c981784, org.springframework.boot.test.autoconfigure.web.servlet.WebDriverTestExecutionListener@2d6a3255, org.springframework.boot.test.autoconfigure.webservices.client.MockWebServiceServerTestExecutionListener@6210d7de]
2021-02-15 15:02:15,810 INFO org.springframework.boot.StartupInfoLogger [main] Starting HrsTaskApplicationTests using Java 1.8.0_281 on DESKTOP-1TQUMUM with PID 21948 (started by Pranav Pagote in D:\Desktop\HRS\hrs-task)
2021-02-15 15:02:15,812 INFO org.springframework.boot.SpringApplication [main] No active profile set, falling back to default profiles: default
2021-02-15 15:02:16,498 INFO org.springframework.data.repository.config.RepositoryConfigurationDelegate [main] Bootstrapping Spring Data JPA repositories in DEFAULT mode.
2021-02-15 15:02:16,564 INFO org.springframework.data.repository.config.RepositoryConfigurationDelegate [main] Finished Spring Data repository scanning in 54 ms. Found 1 JPA repository interfaces.
2021-02-15 15:02:17,093 INFO com.zaxxer.hikari.HikariDataSource [main] HikariPool-1 - Starting...
2021-02-15 15:02:17,546 INFO com.zaxxer.hikari.HikariDataSource [main] HikariPool-1 - Start completed.
2021-02-15 15:02:17,621 INFO org.hibernate.jpa.internal.util.LogHelper [main] HHH000204: Processing PersistenceUnitInfo [name: default]
2021-02-15 15:02:17,698 INFO org.hibernate.Version [main] HHH000412: Hibernate ORM core version 5.4.27.Final
2021-02-15 15:02:17,749 INFO org.hibernate.annotations.common.reflection.java.JavaReflectionManager [main] HCANN000001: Hibernate Commons Annotations {5.1.2.Final}
2021-02-15 15:02:18,127 INFO org.hibernate.dialect.Dialect [main] HHH000400: Using dialect: org.hibernate.dialect.H2Dialect
2021-02-15 15:02:18,801 INFO org.hibernate.engine.transaction.jta.platform.internal.JtaPlatformInitiator [main] HHH000490: Using JtaPlatform implementation: [org.hibernate.engine.transaction.jta.platform.internal.NoJtaPlatform]
2021-02-15 15:02:18,812 INFO org.springframework.orm.jpa.AbstractEntityManagerFactoryBean [main] Initialized JPA EntityManagerFactory for persistence unit 'default'
2021-02-15 15:02:19,655 WARN org.springframework.boot.autoconfigure.orm.jpa.JpaBaseConfiguration$JpaWebConfiguration [main] spring.jpa.open-in-view is enabled by default. Therefore, database queries may be performed during view rendering. Explicitly configure spring.jpa.open-in-view to disable this warning
2021-02-15 15:02:19,740 INFO org.springframework.boot.autoconfigure.h2.H2ConsoleAutoConfiguration [main] H2 console available at '/h2-console'. Database available at 'jdbc:h2:mem:testdb'
2021-02-15 15:02:20,220 INFO org.springframework.scheduling.concurrent.ExecutorConfigurationSupport [main] Initializing ExecutorService 'applicationTaskExecutor'
2021-02-15 15:02:20,809 INFO org.springframework.boot.StartupInfoLogger [main] Started HrsTaskApplicationTests in 5.032 seconds (JVM running for 10.851)
2021-02-15 15:02:21,024 INFO org.springframework.scheduling.concurrent.ExecutorConfigurationSupport [SpringContextShutdownHook] Shutting down ExecutorService 'applicationTaskExecutor'
2021-02-15 15:02:21,026 INFO org.springframework.scheduling.concurrent.ExecutorConfigurationSupport [SpringContextShutdownHook] Shutting down ExecutorService 'applicationTaskExecutor'
2021-02-15 15:02:21,034 INFO org.springframework.orm.jpa.AbstractEntityManagerFactoryBean [SpringContextShutdownHook] Closing JPA EntityManagerFactory for persistence unit 'default'
2021-02-15 15:02:21,339 INFO org.hibernate.tool.schema.internal.SchemaDropperImpl$DelayedDropActionImpl [SpringContextShutdownHook] HHH000477: Starting delayed evictData of schema as part of SessionFactory shut-down'
2021-02-15 15:02:21,347 INFO com.zaxxer.hikari.HikariDataSource [SpringContextShutdownHook] HikariPool-1 - Shutdown initiated...
2021-02-15 15:02:21,351 INFO com.zaxxer.hikari.HikariDataSource [SpringContextShutdownHook] HikariPool-1 - Shutdown completed.
2021-02-15 15:08:30,985 INFO org.hibernate.validator.internal.util.Version [background-preinit] HV000001: Hibernate Validator 6.1.7.Final
2021-02-15 15:08:30,996 INFO org.springframework.boot.StartupInfoLogger [main] Starting UserControllerTest using Java 1.8.0_281 on DESKTOP-1TQUMUM with PID 23708 (started by Pranav Pagote in D:\Desktop\HRS\hrs-task)
2021-02-15 15:08:31,000 INFO org.springframework.boot.SpringApplication [main] No active profile set, falling back to default profiles: default
2021-02-15 15:08:33,080 INFO org.springframework.scheduling.concurrent.ExecutorConfigurationSupport [main] Initializing ExecutorService 'applicationTaskExecutor'
2021-02-15 15:08:33,395 INFO org.springframework.mock.web.MockServletContext [main] Initializing Spring TestDispatcherServlet ''
2021-02-15 15:08:33,396 INFO org.springframework.web.servlet.FrameworkServlet [main] Initializing Servlet ''
2021-02-15 15:08:33,398 INFO org.springframework.web.servlet.FrameworkServlet [main] Completed initialization in 2 ms
2021-02-15 15:08:33,439 INFO org.springframework.boot.StartupInfoLogger [main] Started UserControllerTest in 3.206 seconds (JVM running for 5.104)
2021-02-15 15:08:34,064 INFO org.springframework.test.context.support.AbstractTestContextBootstrapper [main] Neither @ContextConfiguration nor @ContextHierarchy found for test class [com.uk.hrstask.HrsTaskApplicationTests], using SpringBootContextLoader
2021-02-15 15:08:34,065 INFO org.springframework.test.context.support.AbstractContextLoader [main] Could not detect default resource locations for test class [com.uk.hrstask.HrsTaskApplicationTests]: no resource found for suffixes {-context.xml, Context.groovy}.
2021-02-15 15:08:34,065 INFO org.springframework.test.context.support.AnnotationConfigContextLoaderUtils [main] Could not detect default configuration classes for test class [com.uk.hrstask.HrsTaskApplicationTests]: HrsTaskApplicationTests does not declare any static, non-private, non-final, nested classes annotated with @Configuration.
2021-02-15 15:08:34,070 INFO org.springframework.boot.test.context.SpringBootTestContextBootstrapper [main] Found @SpringBootConfiguration com.uk.hrstask.HrsTaskApplication for test class com.uk.hrstask.HrsTaskApplicationTests
2021-02-15 15:08:34,077 INFO org.springframework.test.context.support.AbstractTestContextBootstrapper [main] Loaded default TestExecutionListener class names from location [META-INF/spring.factories]: [org.springframework.boot.test.mock.mockito.MockitoTestExecutionListener, org.springframework.boot.test.mock.mockito.ResetMocksTestExecutionListener, org.springframework.boot.test.autoconfigure.restdocs.RestDocsTestExecutionListener, org.springframework.boot.test.autoconfigure.web.client.MockRestServiceServerResetTestExecutionListener, org.springframework.boot.test.autoconfigure.web.servlet.MockMvcPrintOnlyOnFailureTestExecutionListener, org.springframework.boot.test.autoconfigure.web.servlet.WebDriverTestExecutionListener, org.springframework.boot.test.autoconfigure.webservices.client.MockWebServiceServerTestExecutionListener, org.springframework.test.context.web.ServletTestExecutionListener, org.springframework.test.context.support.DirtiesContextBeforeModesTestExecutionListener, org.springframework.test.context.event.ApplicationEventsTestExecutionListener, org.springframework.test.context.support.DependencyInjectionTestExecutionListener, org.springframework.test.context.support.DirtiesContextTestExecutionListener, org.springframework.test.context.transaction.TransactionalTestExecutionListener, org.springframework.test.context.jdbc.SqlScriptsTestExecutionListener, org.springframework.test.context.event.EventPublishingTestExecutionListener]
2021-02-15 15:08:34,078 INFO org.springframework.test.context.support.AbstractTestContextBootstrapper [main] Using TestExecutionListeners: [org.springframework.test.context.web.ServletTestExecutionListener@73ce275a, org.springframework.test.context.support.DirtiesContextBeforeModesTestExecutionListener@51af9a89, org.springframework.test.context.event.ApplicationEventsTestExecutionListener@3abe0067, org.springframework.boot.test.mock.mockito.MockitoTestExecutionListener@3cd0df14, org.springframework.boot.test.autoconfigure.SpringBootDependencyInjectionTestExecutionListener@3ea6cb23, org.springframework.test.context.support.DirtiesContextTestExecutionListener@13f065ac, org.springframework.test.context.transaction.TransactionalTestExecutionListener@5987e28d, org.springframework.test.context.jdbc.SqlScriptsTestExecutionListener@6395aed6, org.springframework.test.context.event.EventPublishingTestExecutionListener@6b629e54, org.springframework.boot.test.mock.mockito.ResetMocksTestExecutionListener@7b2f5b91, org.springframework.boot.test.autoconfigure.restdocs.RestDocsTestExecutionListener@1d5a4df3, org.springframework.boot.test.autoconfigure.web.client.MockRestServiceServerResetTestExecutionListener@53f7a390, org.springframework.boot.test.autoconfigure.web.servlet.MockMvcPrintOnlyOnFailureTestExecutionListener@2c981784, org.springframework.boot.test.autoconfigure.web.servlet.WebDriverTestExecutionListener@2d6a3255, org.springframework.boot.test.autoconfigure.webservices.client.MockWebServiceServerTestExecutionListener@6210d7de]
2021-02-15 15:08:34,122 INFO org.springframework.boot.StartupInfoLogger [main] Starting HrsTaskApplicationTests using Java 1.8.0_281 on DESKTOP-1TQUMUM with PID 23708 (started by Pranav Pagote in D:\Desktop\HRS\hrs-task)
2021-02-15 15:08:34,124 INFO org.springframework.boot.SpringApplication [main] No active profile set, falling back to default profiles: default
2021-02-15 15:08:34,888 INFO org.springframework.data.repository.config.RepositoryConfigurationDelegate [main] Bootstrapping Spring Data JPA repositories in DEFAULT mode.
2021-02-15 15:08:34,962 INFO org.springframework.data.repository.config.RepositoryConfigurationDelegate [main] Finished Spring Data repository scanning in 64 ms. Found 1 JPA repository interfaces.
2021-02-15 15:08:35,487 INFO com.zaxxer.hikari.HikariDataSource [main] HikariPool-1 - Starting...
2021-02-15 15:08:35,913 INFO com.zaxxer.hikari.HikariDataSource [main] HikariPool-1 - Start completed.
2021-02-15 15:08:35,993 INFO org.hibernate.jpa.internal.util.LogHelper [main] HHH000204: Processing PersistenceUnitInfo [name: default]
2021-02-15 15:08:36,068 INFO org.hibernate.Version [main] HHH000412: Hibernate ORM core version 5.4.27.Final
2021-02-15 15:08:36,120 INFO org.hibernate.annotations.common.reflection.java.JavaReflectionManager [main] HCANN000001: Hibernate Commons Annotations {5.1.2.Final}
2021-02-15 15:08:36,487 INFO org.hibernate.dialect.Dialect [main] HHH000400: Using dialect: org.hibernate.dialect.H2Dialect
2021-02-15 15:08:37,132 INFO org.hibernate.engine.transaction.jta.platform.internal.JtaPlatformInitiator [main] HHH000490: Using JtaPlatform implementation: [org.hibernate.engine.transaction.jta.platform.internal.NoJtaPlatform]
2021-02-15 15:08:37,144 INFO org.springframework.orm.jpa.AbstractEntityManagerFactoryBean [main] Initialized JPA EntityManagerFactory for persistence unit 'default'
2021-02-15 15:08:37,992 WARN org.springframework.boot.autoconfigure.orm.jpa.JpaBaseConfiguration$JpaWebConfiguration [main] spring.jpa.open-in-view is enabled by default. Therefore, database queries may be performed during view rendering. Explicitly configure spring.jpa.open-in-view to disable this warning
2021-02-15 15:08:38,076 INFO org.springframework.boot.autoconfigure.h2.H2ConsoleAutoConfiguration [main] H2 console available at '/h2-console'. Database available at 'jdbc:h2:mem:testdb'
2021-02-15 15:08:38,540 INFO org.springframework.scheduling.concurrent.ExecutorConfigurationSupport [main] Initializing ExecutorService 'applicationTaskExecutor'
2021-02-15 15:08:39,236 INFO org.springframework.boot.StartupInfoLogger [main] Started HrsTaskApplicationTests in 5.154 seconds (JVM running for 10.901)
2021-02-15 15:08:39,463 INFO org.springframework.scheduling.concurrent.ExecutorConfigurationSupport [SpringContextShutdownHook] Shutting down ExecutorService 'applicationTaskExecutor'
2021-02-15 15:08:39,465 INFO org.springframework.scheduling.concurrent.ExecutorConfigurationSupport [SpringContextShutdownHook] Shutting down ExecutorService 'applicationTaskExecutor'
2021-02-15 15:08:39,471 INFO org.springframework.orm.jpa.AbstractEntityManagerFactoryBean [SpringContextShutdownHook] Closing JPA EntityManagerFactory for persistence unit 'default'
2021-02-15 15:08:39,774 INFO org.hibernate.tool.schema.internal.SchemaDropperImpl$DelayedDropActionImpl [SpringContextShutdownHook] HHH000477: Starting delayed evictData of schema as part of SessionFactory shut-down'
2021-02-15 15:08:39,783 INFO com.zaxxer.hikari.HikariDataSource [SpringContextShutdownHook] HikariPool-1 - Shutdown initiated...
2021-02-15 15:08:39,788 INFO com.zaxxer.hikari.HikariDataSource [SpringContextShutdownHook] HikariPool-1 - Shutdown completed.
